<?xml version="1.0" encoding="UTF-8"?>
<!-- Generated by org.testng.reporters.JUnitReportReporter -->
<testsuite ignored="0" hostname="LTIN337556" failures="0" tests="1" name="TestSuite.AllTest" time="28.698" errors="0" timestamp="26 Dec 2023 16:22:38 GMT" skipped="0">
  <testcase classname="TestSuite.AllTest" name="test" time="28.698"/>
</testsuite> <!-- TestSuite.AllTest -->
